{"uuid":"5fe9c306-062c-425a-8e7a-b0f379c15027","historyId":"445f61866c19abe5952f550b176e4925","fullName":"src/test/resources/features/002PrgramModule.feature:45","labels":[{"name":"tag","value":"tag"},{"name":"host","value":"Sudha"},{"name":"thread","value":"28732@Sudha.main(1)"},{"name":"feature","value":"ProgramModule"},{"name":"story","value":"Check if Admin able to create a program with missing additional field"},{"name":"suite","value":"ProgramModule"},{"name":"testClass","value":"Check if Admin able to create a program with missing additional field"},{"name":"framework","value":"cucumber4jvm"},{"name":"language","value":"java"},{"name":"gherkin_uri","value":"file:///C:/Users/sudha/git/Team12_APIExplorers_LMS_Hackathon_Mar2024/Team12_APIExplorers_LMS_Hackathon_Mar2024/src/test/resources/features/002PrgramModule.feature"},{"name":"package","value":"src.test.resources.features.002PrgramModule_feature.ProgramModule"}],"links":[],"name":"Check if Admin able to create a program with missing additional field","status":"failed","statusDetails":{"known":false,"muted":false,"flaky":false,"message":"expected [200] but found [400]","trace":"java.lang.AssertionError: expected [200] but found [400]\r\n\tat org.testng.Assert.fail(Assert.java:111)\r\n\tat org.testng.Assert.failNotEquals(Assert.java:1578)\r\n\tat org.testng.Assert.assertEqualsImpl(Assert.java:150)\r\n\tat org.testng.Assert.assertEquals(Assert.java:132)\r\n\tat org.testng.Assert.assertEquals(Assert.java:1419)\r\n\tat org.testng.Assert.assertEquals(Assert.java:1449)\r\n\tat com.lms.api.StepDefinitions.ProgramModuleSD.admin_receives_ok_for_missing_additional_fields_in_program_post_request_body(ProgramModuleSD.java:136)\r\n\tat ✽.Admin receives 200 ok for missing additional fields in program post request body(file:///C:/Users/sudha/git/Team12_APIExplorers_LMS_Hackathon_Mar2024/Team12_APIExplorers_LMS_Hackathon_Mar2024/src/test/resources/features/002PrgramModule.feature:48)\r\n"},"stage":"finished","steps":[{"name":"Given  Admin creates POST Request for the LMS with request body","status":"passed","statusDetails":{"known":false,"muted":false,"flaky":false},"stage":"finished","steps":[],"attachments":[],"parameters":[],"start":1712018921123,"stop":1712018921123},{"name":"When  Admin sends Post Request with request Body with missing additional field with endpoint","status":"passed","statusDetails":{"known":false,"muted":false,"flaky":false},"stage":"finished","steps":[],"attachments":[],"parameters":[],"start":1712018921123,"stop":1712018921356},{"name":"Then  Admin receives 200 ok for missing additional fields in program post request body","status":"failed","statusDetails":{"known":false,"muted":false,"flaky":false,"message":"expected [200] but found [400]","trace":"java.lang.AssertionError: expected [200] but found [400]\r\n\tat org.testng.Assert.fail(Assert.java:111)\r\n\tat org.testng.Assert.failNotEquals(Assert.java:1578)\r\n\tat org.testng.Assert.assertEqualsImpl(Assert.java:150)\r\n\tat org.testng.Assert.assertEquals(Assert.java:132)\r\n\tat org.testng.Assert.assertEquals(Assert.java:1419)\r\n\tat org.testng.Assert.assertEquals(Assert.java:1449)\r\n\tat com.lms.api.StepDefinitions.ProgramModuleSD.admin_receives_ok_for_missing_additional_fields_in_program_post_request_body(ProgramModuleSD.java:136)\r\n\tat ✽.Admin receives 200 ok for missing additional fields in program post request body(file:///C:/Users/sudha/git/Team12_APIExplorers_LMS_Hackathon_Mar2024/Team12_APIExplorers_LMS_Hackathon_Mar2024/src/test/resources/features/002PrgramModule.feature:48)\r\n"},"stage":"finished","steps":[],"attachments":[],"parameters":[],"start":1712018921357,"stop":1712018921365}],"attachments":[],"parameters":[],"start":1712018921122,"stop":1712018921367}