{"uuid":"72c6c32d-300b-4548-b0a5-ba541e906784","historyId":"7fa5369b2e4f6d1d48bae76786337268","fullName":"src/test/resources/features/003ProgramBatchModule.feature:36","labels":[{"name":"host","value":"Sudha"},{"name":"thread","value":"37680@Sudha.main(1)"},{"name":"feature","value":"Batch Module POST request"},{"name":"story","value":"Check if admin able to create a batch with missing additional fields"},{"name":"suite","value":"Batch Module POST request"},{"name":"testClass","value":"Check if admin able to create a batch with missing additional fields"},{"name":"framework","value":"cucumber4jvm"},{"name":"language","value":"java"},{"name":"gherkin_uri","value":"file:///C:/Users/sudha/git/Team12_APIExplorers_LMS_Hackathon_Mar2024/Team12_APIExplorers_LMS_Hackathon_Mar2024/src/test/resources/features/003ProgramBatchModule.feature"},{"name":"package","value":"src.test.resources.features.003ProgramBatchModule_feature.Batch Module POST request"}],"links":[],"name":"Check if admin able to create a batch with missing additional fields","status":"failed","statusDetails":{"known":false,"muted":false,"flaky":false,"message":"expected [201] but found [400]","trace":"java.lang.AssertionError: expected [201] but found [400]\r\n\tat org.testng.Assert.fail(Assert.java:111)\r\n\tat org.testng.Assert.failNotEquals(Assert.java:1578)\r\n\tat org.testng.Assert.assertEqualsImpl(Assert.java:150)\r\n\tat org.testng.Assert.assertEquals(Assert.java:132)\r\n\tat org.testng.Assert.assertEquals(Assert.java:1419)\r\n\tat org.testng.Assert.assertEquals(Assert.java:1449)\r\n\tat com.lms.api.StepDefinitions.ProgramBatchModuleSD.admin_receives_created_status_with_response(ProgramBatchModuleSD.java:108)\r\n\tat ✽.Admin receives 201 Created Status with response(file:///C:/Users/sudha/git/Team12_APIExplorers_LMS_Hackathon_Mar2024/Team12_APIExplorers_LMS_Hackathon_Mar2024/src/test/resources/features/003ProgramBatchModule.feature:39)\r\n"},"stage":"finished","steps":[{"name":"Given  Admin creates POST Request with missing additional fields","status":"passed","statusDetails":{"known":false,"muted":false,"flaky":false},"stage":"finished","steps":[],"attachments":[],"parameters":[],"start":1712078427619,"stop":1712078427619},{"name":"When  Admin sends HTTPS Request with valid endpoint to create batch","status":"passed","statusDetails":{"known":false,"muted":false,"flaky":false},"stage":"finished","steps":[],"attachments":[],"parameters":[],"start":1712078427619,"stop":1712078427828},{"name":"Then  Admin receives 201 Created Status with response","status":"failed","statusDetails":{"known":false,"muted":false,"flaky":false,"message":"expected [201] but found [400]","trace":"java.lang.AssertionError: expected [201] but found [400]\r\n\tat org.testng.Assert.fail(Assert.java:111)\r\n\tat org.testng.Assert.failNotEquals(Assert.java:1578)\r\n\tat org.testng.Assert.assertEqualsImpl(Assert.java:150)\r\n\tat org.testng.Assert.assertEquals(Assert.java:132)\r\n\tat org.testng.Assert.assertEquals(Assert.java:1419)\r\n\tat org.testng.Assert.assertEquals(Assert.java:1449)\r\n\tat com.lms.api.StepDefinitions.ProgramBatchModuleSD.admin_receives_created_status_with_response(ProgramBatchModuleSD.java:108)\r\n\tat ✽.Admin receives 201 Created Status with response(file:///C:/Users/sudha/git/Team12_APIExplorers_LMS_Hackathon_Mar2024/Team12_APIExplorers_LMS_Hackathon_Mar2024/src/test/resources/features/003ProgramBatchModule.feature:39)\r\n"},"stage":"finished","steps":[],"attachments":[],"parameters":[],"start":1712078427830,"stop":1712078427831}],"attachments":[],"parameters":[],"start":1712078427618,"stop":1712078427832}