{"uuid":"c74c4efc-b258-40d3-b0a2-d98af2d9e30f","historyId":"4700662136db75fe8601fe377316537c","fullName":"src/test/resources/features/004UserModule.feature:5","labels":[{"name":"tag","value":"PostRequest"},{"name":"host","value":"Sudha"},{"name":"thread","value":"36520@Sudha.main(1)"},{"name":"feature","value":"User Module"},{"name":"story","value":"Check if admin is able to create a new Admin with valid endpoint and request body with mandatory fields"},{"name":"suite","value":"User Module"},{"name":"testClass","value":"Check if admin is able to create a new Admin with valid endpoint and request body with mandatory fields"},{"name":"framework","value":"cucumber4jvm"},{"name":"language","value":"java"},{"name":"gherkin_uri","value":"file:///C:/Users/sudha/git/Team12_APIExplorers_LMS_Hackathon_Mar2024/Team12_APIExplorers_LMS_Hackathon_Mar2024/src/test/resources/features/004UserModule.feature"},{"name":"package","value":"src.test.resources.features.004UserModule_feature.User Module"}],"links":[],"name":"Check if admin is able to create a new Admin with valid endpoint and request body with mandatory fields","status":"failed","statusDetails":{"known":false,"muted":false,"flaky":false,"message":"expected [201] but found [400]","trace":"java.lang.AssertionError: expected [201] but found [400]\r\n\tat org.testng.Assert.fail(Assert.java:111)\r\n\tat org.testng.Assert.failNotEquals(Assert.java:1578)\r\n\tat org.testng.Assert.assertEqualsImpl(Assert.java:150)\r\n\tat org.testng.Assert.assertEquals(Assert.java:132)\r\n\tat org.testng.Assert.assertEquals(Assert.java:1419)\r\n\tat org.testng.Assert.assertEquals(Assert.java:1449)\r\n\tat com.lms.api.StepDefinitions.UserModuleSD.admin_receives_created_status_with_response_body(UserModuleSD.java:34)\r\n\tat ✽.Admin receives 201 Created Status with response body.(file:///C:/Users/sudha/git/Team12_APIExplorers_LMS_Hackathon_Mar2024/Team12_APIExplorers_LMS_Hackathon_Mar2024/src/test/resources/features/004UserModule.feature:8)\r\n"},"stage":"finished","steps":[{"name":"Given  Admin creates POST request with all mandatory fields","status":"passed","statusDetails":{"known":false,"muted":false,"flaky":false},"stage":"finished","steps":[],"attachments":[],"parameters":[],"start":1711964331131,"stop":1711964331133},{"name":"When  Admin sends HTTPS Request with endpoint","status":"passed","statusDetails":{"known":false,"muted":false,"flaky":false},"stage":"finished","steps":[],"attachments":[],"parameters":[],"start":1711964331133,"stop":1711964332177},{"name":"Then  Admin receives 201 Created Status with response body.","status":"failed","statusDetails":{"known":false,"muted":false,"flaky":false,"message":"expected [201] but found [400]","trace":"java.lang.AssertionError: expected [201] but found [400]\r\n\tat org.testng.Assert.fail(Assert.java:111)\r\n\tat org.testng.Assert.failNotEquals(Assert.java:1578)\r\n\tat org.testng.Assert.assertEqualsImpl(Assert.java:150)\r\n\tat org.testng.Assert.assertEquals(Assert.java:132)\r\n\tat org.testng.Assert.assertEquals(Assert.java:1419)\r\n\tat org.testng.Assert.assertEquals(Assert.java:1449)\r\n\tat com.lms.api.StepDefinitions.UserModuleSD.admin_receives_created_status_with_response_body(UserModuleSD.java:34)\r\n\tat ✽.Admin receives 201 Created Status with response body.(file:///C:/Users/sudha/git/Team12_APIExplorers_LMS_Hackathon_Mar2024/Team12_APIExplorers_LMS_Hackathon_Mar2024/src/test/resources/features/004UserModule.feature:8)\r\n"},"stage":"finished","steps":[],"attachments":[],"parameters":[],"start":1711964332177,"stop":1711964332770}],"attachments":[],"parameters":[],"start":1711964331130,"stop":1711964332772}