{"uuid":"d4923436-a223-48be-a82e-825486bdbe39","historyId":"17ac48574fda9a772544a7c6780994a7","fullName":"src/test/resources/features/002PrgramModule.feature:43","labels":[{"name":"tag","value":"tag"},{"name":"host","value":"Sudha"},{"name":"thread","value":"37680@Sudha.main(1)"},{"name":"feature","value":"ProgramModule"},{"name":"story","value":"Check if Admin able to create a program with missing additional field"},{"name":"suite","value":"ProgramModule"},{"name":"testClass","value":"Check if Admin able to create a program with missing additional field"},{"name":"framework","value":"cucumber4jvm"},{"name":"language","value":"java"},{"name":"gherkin_uri","value":"file:///C:/Users/sudha/git/Team12_APIExplorers_LMS_Hackathon_Mar2024/Team12_APIExplorers_LMS_Hackathon_Mar2024/src/test/resources/features/002PrgramModule.feature"},{"name":"package","value":"src.test.resources.features.002PrgramModule_feature.ProgramModule"}],"links":[],"name":"Check if Admin able to create a program with missing additional field","status":"failed","statusDetails":{"known":false,"muted":false,"flaky":false,"message":"expected [200] but found [400]","trace":"java.lang.AssertionError: expected [200] but found [400]\r\n\tat org.testng.Assert.fail(Assert.java:111)\r\n\tat org.testng.Assert.failNotEquals(Assert.java:1578)\r\n\tat org.testng.Assert.assertEqualsImpl(Assert.java:150)\r\n\tat org.testng.Assert.assertEquals(Assert.java:132)\r\n\tat org.testng.Assert.assertEquals(Assert.java:1419)\r\n\tat org.testng.Assert.assertEquals(Assert.java:1449)\r\n\tat com.lms.api.StepDefinitions.ProgramModuleSD.admin_receives_ok_for_missing_additional_fields_in_program_post_request_body(ProgramModuleSD.java:136)\r\n\tat ✽.Admin receives 200 ok for missing additional fields in program post request body(file:///C:/Users/sudha/git/Team12_APIExplorers_LMS_Hackathon_Mar2024/Team12_APIExplorers_LMS_Hackathon_Mar2024/src/test/resources/features/002PrgramModule.feature:46)\r\n"},"stage":"finished","steps":[{"name":"Given  Admin creates POST Request for the LMS with request body","status":"passed","statusDetails":{"known":false,"muted":false,"flaky":false},"stage":"finished","steps":[],"attachments":[],"parameters":[],"start":1712078419442,"stop":1712078419443},{"name":"When  Admin sends Post Request with request Body with missing additional field with endpoint","status":"passed","statusDetails":{"known":false,"muted":false,"flaky":false},"stage":"finished","steps":[],"attachments":[],"parameters":[],"start":1712078419443,"stop":1712078419683},{"name":"Then  Admin receives 200 ok for missing additional fields in program post request body","status":"failed","statusDetails":{"known":false,"muted":false,"flaky":false,"message":"expected [200] but found [400]","trace":"java.lang.AssertionError: expected [200] but found [400]\r\n\tat org.testng.Assert.fail(Assert.java:111)\r\n\tat org.testng.Assert.failNotEquals(Assert.java:1578)\r\n\tat org.testng.Assert.assertEqualsImpl(Assert.java:150)\r\n\tat org.testng.Assert.assertEquals(Assert.java:132)\r\n\tat org.testng.Assert.assertEquals(Assert.java:1419)\r\n\tat org.testng.Assert.assertEquals(Assert.java:1449)\r\n\tat com.lms.api.StepDefinitions.ProgramModuleSD.admin_receives_ok_for_missing_additional_fields_in_program_post_request_body(ProgramModuleSD.java:136)\r\n\tat ✽.Admin receives 200 ok for missing additional fields in program post request body(file:///C:/Users/sudha/git/Team12_APIExplorers_LMS_Hackathon_Mar2024/Team12_APIExplorers_LMS_Hackathon_Mar2024/src/test/resources/features/002PrgramModule.feature:46)\r\n"},"stage":"finished","steps":[],"attachments":[],"parameters":[],"start":1712078419683,"stop":1712078419692}],"attachments":[],"parameters":[],"start":1712078419442,"stop":1712078419693}